build/app/intermediates/manifest_merge_blame_file/debug/manifest-merger-blame-debug-report.txt
1<?xml version="1.0" encoding="utf-8"?>
2<manifest xmlns:android="http://schemas.android.com/apk/res/android"
3    package="com.example.tree_timer_app"
4    android:versionCode="1"
5    android:versionName="1.0.0" >
6
7    <uses-sdk
8        android:minSdkVersion="19"
9        android:targetSdkVersion="31" />
10    <!--
11         The INTERNET permission is required for development. Specifically,
12         the Flutter tool needs it to communicate with the running application
13         to allow setting breakpoints, to provide hot reload, etc.
14    -->
15    <uses-permission android:name="android.permission.INTERNET" />
15-->src\main\AndroidManifest.xml:3:5-67
15-->src\main\AndroidManifest.xml:3:22-64
16    <uses-permission
16-->src\main\AndroidManifest.xml:4:5-68
17        android:name="android.permission.BLUETOOTH"
17-->src\main\AndroidManifest.xml:4:22-65
18        android:maxSdkVersion="30" />
18-->[:flutter_blue_plus] AndroidManifest.xml:25:9-35
19    <uses-permission
19-->src\main\AndroidManifest.xml:5:5-74
20        android:name="android.permission.BLUETOOTH_ADMIN"
20-->src\main\AndroidManifest.xml:5:22-71
21        android:maxSdkVersion="30" />
21-->[:flutter_blue_plus] AndroidManifest.xml:28:9-35
22    <uses-permission android:name="android.permission.ACCESS_COARSE_LOCATION" />
22-->src\main\AndroidManifest.xml:6:5-80
22-->src\main\AndroidManifest.xml:6:22-78
23    <!--
24         New Bluetooth permissions in Android 12
25           https://developer.android.com/about/versions/12/features/bluetooth-permissions
26    -->
27    <!--
28         Include "neverForLocation" only if you can strongly assert that
29           your app never derives physical location from Bluetooth scan results.
30    -->
31    <uses-permission
31-->[:flutter_blue_plus] AndroidManifest.xml:17:5-19:58
32        android:name="android.permission.BLUETOOTH_SCAN"
32-->[:flutter_blue_plus] AndroidManifest.xml:18:9-57
33        android:usesPermissionFlags="neverForLocation" />
33-->[:flutter_blue_plus] AndroidManifest.xml:19:9-55
34    <uses-permission android:name="android.permission.BLUETOOTH_CONNECT" />
34-->[:flutter_blue_plus] AndroidManifest.xml:20:5-76
34-->[:flutter_blue_plus] AndroidManifest.xml:20:22-73
35    <uses-permission android:name="android.permission.ACCESS_FINE_LOCATION" />
35-->[:flutter_blue_plus] AndroidManifest.xml:29:5-79
35-->[:flutter_blue_plus] AndroidManifest.xml:29:22-76
36
37    <application
38        android:name="android.app.Application"
39        android:appComponentFactory="androidx.core.app.CoreComponentFactory"
39-->[androidx.core:core:1.6.0] AndroidManifest.xml:24:18-86
40        android:debuggable="true"
41        android:icon="@mipmap/ic_launcher"
42        android:label="tree_timer_app" >
43        <activity
44            android:name="com.example.tree_timer_app.MainActivity"
45            android:configChanges="orientation|keyboardHidden|keyboard|screenSize|smallestScreenSize|locale|layoutDirection|fontScale|screenLayout|density|uiMode"
46            android:exported="true"
47            android:hardwareAccelerated="true"
48            android:launchMode="singleTop"
49            android:theme="@style/LaunchTheme"
50            android:windowSoftInputMode="adjustResize" >
51
52            <!--
53                 Specifies an Android theme to apply to this Activity as soon as
54                 the Android process has started. This theme is visible to the user
55                 while the Flutter UI initializes. After that, this theme continues
56                 to determine the Window background behind the Flutter UI.
57            -->
58            <meta-data
59                android:name="io.flutter.embedding.android.NormalTheme"
60                android:resource="@style/NormalTheme" />
61
62            <intent-filter>
63                <action android:name="android.intent.action.MAIN" />
64
65                <category android:name="android.intent.category.LAUNCHER" />
66            </intent-filter>
67        </activity>
68        <!--
69             Don't delete the meta-data below.
70             This is used by the Flutter tool to generate GeneratedPluginRegistrant.java
71        -->
72        <meta-data
73            android:name="flutterEmbedding"
74            android:value="2" />
75
76        <uses-library
76-->[androidx.window:window:1.0.0-beta04] AndroidManifest.xml:25:9-27:40
77            android:name="androidx.window.extensions"
77-->[androidx.window:window:1.0.0-beta04] AndroidManifest.xml:26:13-54
78            android:required="false" />
78-->[androidx.window:window:1.0.0-beta04] AndroidManifest.xml:27:13-37
79        <uses-library
79-->[androidx.window:window:1.0.0-beta04] AndroidManifest.xml:28:9-30:40
80            android:name="androidx.window.sidecar"
80-->[androidx.window:window:1.0.0-beta04] AndroidManifest.xml:29:13-51
81            android:required="false" />
81-->[androidx.window:window:1.0.0-beta04] AndroidManifest.xml:30:13-37
82    </application>
83
84</manifest>